
**********************************************************
**********************************************************
You are using "WSL" as a terminal, if you get an
error please read the pre-requisites for Microsoft WSL.
https://scully.io/docs/learn/getting-started/installation/
**********************************************************
**********************************************************
      

**********************************************************
**********************************************************
You are using "WSL" as a terminal, if you get an
error please read the pre-requisites for Microsoft WSL.
https://scully.io/docs/learn/getting-started/installation/
**********************************************************
**********************************************************
      
No configuration for route "/category/:slug" found. SkippingNo configuration for route "/product/:slug" found. SkippingNo configuration for route "/account/orders/:code" found. SkippingNo configuration for route "/account/address-book/:id" found. SkippingNo configuration for route "/checkout/confirmation/:code" found. Skipping





**********************************************************
**********************************************************
You are using "WSL" as a terminal, if you get an
error please read the pre-requisites for Microsoft WSL.
https://scully.io/docs/learn/getting-started/installation/
**********************************************************
**********************************************************
      

**********************************************************
**********************************************************
You are using "WSL" as a terminal, if you get an
error please read the pre-requisites for Microsoft WSL.
https://scully.io/docs/learn/getting-started/installation/
**********************************************************
**********************************************************
      

**********************************************************
**********************************************************
You are using "WSL" as a terminal, if you get an
error please read the pre-requisites for Microsoft WSL.
https://scully.io/docs/learn/getting-started/installation/
**********************************************************
**********************************************************
      

----------------------------------
Using stored unhandled routes!.
   To discover new routes in the angular app use "npm run scully -- --scanRoutes"
----------------------------------No configuration for route "/category/:slug" found. SkippingNo configuration for route "/product/:slug" found. SkippingNo configuration for route "/account/orders/:code" found. SkippingNo configuration for route "/account/address-book/:id" found. SkippingNo configuration for route "/checkout/confirmation/:code" found. Skipping






**********************************************************
**********************************************************
You are using "WSL" as a terminal, if you get an
error please read the pre-requisites for Microsoft WSL.
https://scully.io/docs/learn/getting-started/installation/
**********************************************************
**********************************************************
      
